Using pre-set license
Built from '2020.3/staging' branch; Version is '2020.3.16f1 (049d6eca3c44) revision 302446'; Using compiler version '192528614'; Build Type 'Release'
OS: 'Windows 10 Home; OS build 19042.1200; Version 2009; 64bit' Language: 'pt' Physical Memory: 12200 MB
BatchMode: 1, IsHumanControllingUs: 0, StartBugReporterOnCrash: 0, Is64bit: 1, IsPro: 0

 COMMAND LINE ARGUMENTS:
C:\Program Files\Unity\Hub\Editor\2020.3.16f1\Editor\Unity.exe
-adb2
-batchMode
-noUpm
-name
AssetImportWorker0
-projectPath
C:/Users/flaud/tatic
-logFile
Logs/AssetImportWorker0.log
-srvPort
50242
Successfully changed project path to: C:/Users/flaud/tatic
C:/Users/flaud/tatic
Using Asset Import Pipeline V2.
Refreshing native plugins compatible for Editor in 127.19 ms, found 4 plugins.
Preloading 0 native plugins for Editor in 0.00 ms.
Initialize engine version: 2020.3.16f1 (049d6eca3c44)
[Subsystems] Discovering subsystems at path C:/Program Files/Unity/Hub/Editor/2020.3.16f1/Editor/Data/Resources/UnitySubsystems
[Subsystems] Discovering subsystems at path C:/Users/flaud/tatic/Assets
GfxDevice: creating device client; threaded=0
Direct3D:
    Version:  Direct3D 11.0 [level 10.1]
    Renderer: Intel(R) HD Graphics (ID=0x102)
    Vendor:   
    VRAM:     128 MB
    Driver:   9.17.10.4459
Initialize mono
Mono path[0] = 'C:/Program Files/Unity/Hub/Editor/2020.3.16f1/Editor/Data/Managed'
Mono path[1] = 'C:/Program Files/Unity/Hub/Editor/2020.3.16f1/Editor/Data/MonoBleedingEdge/lib/mono/unityjit'
Mono config path = 'C:/Program Files/Unity/Hub/Editor/2020.3.16f1/Editor/Data/MonoBleedingEdge/etc'
Using monoOptions --debugger-agent=transport=dt_socket,embedding=1,server=y,suspend=n,address=127.0.0.1:56908
Begin MonoManager ReloadAssembly
Registering precompiled unity dll's ...
Register platform support module: C:/Program Files/Unity/Hub/Editor/2020.3.16f1/Editor/Data/PlaybackEngines/WindowsStandaloneSupport/UnityEditor.WindowsStandalone.Extensions.dll
Registered in 0.029005 seconds.
Native extension for WindowsStandalone target not found
Refreshing native plugins compatible for Editor in 65.13 ms, found 4 plugins.
Preloading 0 native plugins for Editor in 0.00 ms.
Mono: successfully reloaded assembly
- Completed reload, in  4.557 seconds
Domain Reload Profiling:
	ReloadAssembly (4557ms)
		BeginReloadAssembly (190ms)
			ExecutionOrderSort (0ms)
			DisableScriptedObjects (0ms)
			BackupInstance (0ms)
			ReleaseScriptingObjects (0ms)
			CreateAndSetChildDomain (2ms)
		EndReloadAssembly (1733ms)
			LoadAssemblies (183ms)
			RebuildTransferFunctionScriptingTraits (0ms)
			SetupTypeCache (905ms)
			ReleaseScriptCaches (0ms)
			RebuildScriptCaches (131ms)
			SetupLoadedEditorAssemblies (489ms)
				LogAssemblyErrors (0ms)
				InitializePlatformSupportModulesInManaged (10ms)
				SetLoadedEditorAssemblies (0ms)
				RefreshPlugins (65ms)
				BeforeProcessingInitializeOnLoad (18ms)
				ProcessInitializeOnLoadAttributes (339ms)
				ProcessInitializeOnLoadMethodAttributes (56ms)
				AfterProcessingInitializeOnLoad (0ms)
				EditorAssembliesLoaded (0ms)
			ExecutionOrderSort2 (0ms)
			AwakeInstancesAfterBackupRestoration (0ms)
Platform modules already initialized, skipping
Registering precompiled user dll's ...
Registered in 0.017489 seconds.
Begin MonoManager ReloadAssembly
Native extension for WindowsStandalone target not found
Refreshing native plugins compatible for Editor in 0.62 ms, found 4 plugins.
Preloading 0 native plugins for Editor in 0.00 ms.
Mono: successfully reloaded assembly
- Completed reload, in  6.368 seconds
Domain Reload Profiling:
	ReloadAssembly (6370ms)
		BeginReloadAssembly (291ms)
			ExecutionOrderSort (0ms)
			DisableScriptedObjects (9ms)
			BackupInstance (0ms)
			ReleaseScriptingObjects (0ms)
			CreateAndSetChildDomain (39ms)
		EndReloadAssembly (5981ms)
			LoadAssemblies (159ms)
			RebuildTransferFunctionScriptingTraits (0ms)
			SetupTypeCache (4183ms)
			ReleaseScriptCaches (1ms)
			RebuildScriptCaches (261ms)
			SetupLoadedEditorAssemblies (1094ms)
				LogAssemblyErrors (0ms)
				InitializePlatformSupportModulesInManaged (11ms)
				SetLoadedEditorAssemblies (1ms)
				RefreshPlugins (1ms)
				BeforeProcessingInitializeOnLoad (93ms)
				ProcessInitializeOnLoadAttributes (953ms)
				ProcessInitializeOnLoadMethodAttributes (14ms)
				AfterProcessingInitializeOnLoad (20ms)
				EditorAssembliesLoaded (1ms)
			ExecutionOrderSort2 (0ms)
			AwakeInstancesAfterBackupRestoration (24ms)
Platform modules already initialized, skipping
========================================================================
Worker process is ready to serve import requests
Launched and connected shader compiler UnityShaderCompiler.exe after 0.15 seconds
Refreshing native plugins compatible for Editor in 0.57 ms, found 4 plugins.
Preloading 0 native plugins for Editor in 0.00 ms.
Unloading 1421 Unused Serialized files (Serialized files now loaded: 0)
System memory in use before: 65.8 MB.
System memory in use after: 65.9 MB.

Unloading 35 unused Assets to reduce memory usage. Loaded Objects now: 1880.
Total: 24.133800 ms (FindLiveObjects: 15.388200 ms CreateObjectMapping: 0.165800 ms MarkObjects: 8.468000 ms  DeleteObjects: 0.108700 ms)

AssetImportParameters requested are different than current active one (requested -> active):
  custom:framework-win-MediaFoundation: 216162199b28c13a410421893ffa2e32 -> 
  custom:video-decoder-ogg-theora: a1e56fd34408186e4bbccfd4996cb3dc -> 
  custom:container-muxer-webm: aa71ff27fc2769a1b78a27578f13a17b -> 
  custom:container-demuxer-webm: 4f35f7cbe854078d1ac9338744f61a02 -> 
  custom:container-demuxer-ogg: 62fdf1f143b41e24485cea50d1cbac27 -> 
  custom:video-encoder-webm-vp8: eb34c28f22e8b96e1ab97ce403110664 -> 
  custom:video-decoder-webm-vp8: 9c59270c3fd7afecdb556c50c9e8de78 -> 
  custom:audio-decoder-ogg-vorbis: bf7c407c2cedff20999df2af8eb42d56 -> 
  custom:audio-encoder-webm-vorbis: bf7c407c2cedff20999df2af8eb42d56 -> 
========================================================================
Received Import Request.
  path: Assets/Resources/Tile.cs
  artifactKey: Guid(4dc557b3cc4c99c40a05c0b2880a0efe) Importer(815301076,1909f56bfc062723c751e8b465ee728b)
Start importing Assets/Resources/Tile.cs using Guid(4dc557b3cc4c99c40a05c0b2880a0efe) Importer(815301076,1909f56bfc062723c751e8b465ee728b)  -> (artifact id: '6d9084596d6ebdb40ee0cd69eefc6da5') in 0.124458 seconds 
  Import took 0.128827 seconds .

========================================================================
Received Import Request.
  Time since last request: 28.995979 seconds.
  path: Assets/Resources/TaticsMove.cs
  artifactKey: Guid(f7e6162d4921acb409ac34afa30e3928) Importer(815301076,1909f56bfc062723c751e8b465ee728b)
Start importing Assets/Resources/TaticsMove.cs using Guid(f7e6162d4921acb409ac34afa30e3928) Importer(815301076,1909f56bfc062723c751e8b465ee728b)  -> (artifact id: '5de2ea244b34a05464c15c48610fa35b') in 0.063107 seconds 
  Import took 0.071352 seconds .

========================================================================
Received Prepare
Registering precompiled user dll's ...
Registered in 0.030269 seconds.
Begin MonoManager ReloadAssembly
Native extension for WindowsStandalone target not found
Refreshing native plugins compatible for Editor in 1.01 ms, found 4 plugins.
Preloading 0 native plugins for Editor in 0.00 ms.
Mono: successfully reloaded assembly
- Completed reload, in  4.176 seconds
Domain Reload Profiling:
	ReloadAssembly (4178ms)
		BeginReloadAssembly (312ms)
			ExecutionOrderSort (0ms)
			DisableScriptedObjects (15ms)
			BackupInstance (0ms)
			ReleaseScriptingObjects (0ms)
			CreateAndSetChildDomain (79ms)
		EndReloadAssembly (3676ms)
			LoadAssemblies (293ms)
			RebuildTransferFunctionScriptingTraits (0ms)
			SetupTypeCache (1877ms)
			ReleaseScriptCaches (2ms)
			RebuildScriptCaches (121ms)
			SetupLoadedEditorAssemblies (1117ms)
				LogAssemblyErrors (0ms)
				InitializePlatformSupportModulesInManaged (15ms)
				SetLoadedEditorAssemblies (2ms)
				RefreshPlugins (1ms)
				BeforeProcessingInitializeOnLoad (147ms)
				ProcessInitializeOnLoadAttributes (920ms)
				ProcessInitializeOnLoadMethodAttributes (12ms)
				AfterProcessingInitializeOnLoad (21ms)
				EditorAssembliesLoaded (1ms)
			ExecutionOrderSort2 (0ms)
			AwakeInstancesAfterBackupRestoration (20ms)
Platform modules already initialized, skipping
Refreshing native plugins compatible for Editor in 1.16 ms, found 4 plugins.
Preloading 0 native plugins for Editor in 0.00 ms.
Unloading 1415 Unused Serialized files (Serialized files now loaded: 0)
System memory in use before: 65.7 MB.
System memory in use after: 65.8 MB.

Unloading 30 unused Assets to reduce memory usage. Loaded Objects now: 1882.
Total: 6.540500 ms (FindLiveObjects: 0.257800 ms CreateObjectMapping: 0.115900 ms MarkObjects: 6.114300 ms  DeleteObjects: 0.049300 ms)

AssetImportParameters requested are different than current active one (requested -> active):
  custom:framework-win-MediaFoundation: 216162199b28c13a410421893ffa2e32 -> 
  custom:video-decoder-ogg-theora: a1e56fd34408186e4bbccfd4996cb3dc -> 
  custom:container-muxer-webm: aa71ff27fc2769a1b78a27578f13a17b -> 
  custom:container-demuxer-webm: 4f35f7cbe854078d1ac9338744f61a02 -> 
  custom:container-demuxer-ogg: 62fdf1f143b41e24485cea50d1cbac27 -> 
  custom:video-encoder-webm-vp8: eb34c28f22e8b96e1ab97ce403110664 -> 
  custom:video-decoder-webm-vp8: 9c59270c3fd7afecdb556c50c9e8de78 -> 
  custom:audio-decoder-ogg-vorbis: bf7c407c2cedff20999df2af8eb42d56 -> 
  custom:audio-encoder-webm-vorbis: bf7c407c2cedff20999df2af8eb42d56 -> 
========================================================================
Received Import Request.
  Time since last request: 40.605224 seconds.
  path: Assets/Resources/TaticsMove.cs
  artifactKey: Guid(f7e6162d4921acb409ac34afa30e3928) Importer(815301076,1909f56bfc062723c751e8b465ee728b)
Start importing Assets/Resources/TaticsMove.cs using Guid(f7e6162d4921acb409ac34afa30e3928) Importer(815301076,1909f56bfc062723c751e8b465ee728b)  -> (artifact id: '9f8f853e46f37e71aa16a42bad7456ae') in 0.027185 seconds 
  Import took 0.032870 seconds .

========================================================================
Received Prepare
Registering precompiled user dll's ...
Registered in 0.026923 seconds.
Begin MonoManager ReloadAssembly
Native extension for WindowsStandalone target not found
Refreshing native plugins compatible for Editor in 0.99 ms, found 4 plugins.
Preloading 0 native plugins for Editor in 0.00 ms.
Mono: successfully reloaded assembly
- Completed reload, in  4.463 seconds
Domain Reload Profiling:
	ReloadAssembly (4465ms)
		BeginReloadAssembly (273ms)
			ExecutionOrderSort (0ms)
			DisableScriptedObjects (14ms)
			BackupInstance (0ms)
			ReleaseScriptingObjects (0ms)
			CreateAndSetChildDomain (77ms)
		EndReloadAssembly (4001ms)
			LoadAssemblies (256ms)
			RebuildTransferFunctionScriptingTraits (0ms)
			SetupTypeCache (1963ms)
			ReleaseScriptCaches (2ms)
			RebuildScriptCaches (140ms)
			SetupLoadedEditorAssemblies (1055ms)
				LogAssemblyErrors (0ms)
				InitializePlatformSupportModulesInManaged (14ms)
				SetLoadedEditorAssemblies (1ms)
				RefreshPlugins (1ms)
				BeforeProcessingInitializeOnLoad (148ms)
				ProcessInitializeOnLoadAttributes (859ms)
				ProcessInitializeOnLoadMethodAttributes (11ms)
				AfterProcessingInitializeOnLoad (20ms)
				EditorAssembliesLoaded (1ms)
			ExecutionOrderSort2 (0ms)
			AwakeInstancesAfterBackupRestoration (18ms)
Platform modules already initialized, skipping
Refreshing native plugins compatible for Editor in 0.86 ms, found 4 plugins.
Preloading 0 native plugins for Editor in 0.00 ms.
Unloading 1415 Unused Serialized files (Serialized files now loaded: 0)
System memory in use before: 65.7 MB.
System memory in use after: 65.8 MB.

Unloading 30 unused Assets to reduce memory usage. Loaded Objects now: 1884.
Total: 6.191800 ms (FindLiveObjects: 0.216400 ms CreateObjectMapping: 0.103000 ms MarkObjects: 5.825200 ms  DeleteObjects: 0.044600 ms)

AssetImportParameters requested are different than current active one (requested -> active):
  custom:framework-win-MediaFoundation: 216162199b28c13a410421893ffa2e32 -> 
  custom:video-decoder-ogg-theora: a1e56fd34408186e4bbccfd4996cb3dc -> 
  custom:container-muxer-webm: aa71ff27fc2769a1b78a27578f13a17b -> 
  custom:container-demuxer-webm: 4f35f7cbe854078d1ac9338744f61a02 -> 
  custom:container-demuxer-ogg: 62fdf1f143b41e24485cea50d1cbac27 -> 
  custom:video-encoder-webm-vp8: eb34c28f22e8b96e1ab97ce403110664 -> 
  custom:video-decoder-webm-vp8: 9c59270c3fd7afecdb556c50c9e8de78 -> 
  custom:audio-decoder-ogg-vorbis: bf7c407c2cedff20999df2af8eb42d56 -> 
  custom:audio-encoder-webm-vorbis: bf7c407c2cedff20999df2af8eb42d56 -> 
========================================================================
Received Import Request.
  Time since last request: 50.410194 seconds.
  path: Assets/Resources/TaticsMove.cs
  artifactKey: Guid(f7e6162d4921acb409ac34afa30e3928) Importer(815301076,1909f56bfc062723c751e8b465ee728b)
Start importing Assets/Resources/TaticsMove.cs using Guid(f7e6162d4921acb409ac34afa30e3928) Importer(815301076,1909f56bfc062723c751e8b465ee728b)  -> (artifact id: '4076dcc7982c20bca13ac8833df99f65') in 0.019184 seconds 
  Import took 0.023756 seconds .

========================================================================
Received Prepare
Registering precompiled user dll's ...
Registered in 0.039325 seconds.
Begin MonoManager ReloadAssembly
Native extension for WindowsStandalone target not found
Refreshing native plugins compatible for Editor in 1.19 ms, found 4 plugins.
Preloading 0 native plugins for Editor in 0.00 ms.
Mono: successfully reloaded assembly
- Completed reload, in  3.742 seconds
Domain Reload Profiling:
	ReloadAssembly (3743ms)
		BeginReloadAssembly (315ms)
			ExecutionOrderSort (0ms)
			DisableScriptedObjects (16ms)
			BackupInstance (0ms)
			ReleaseScriptingObjects (0ms)
			CreateAndSetChildDomain (106ms)
		EndReloadAssembly (3215ms)
			LoadAssemblies (285ms)
			RebuildTransferFunctionScriptingTraits (0ms)
			SetupTypeCache (906ms)
			ReleaseScriptCaches (1ms)
			RebuildScriptCaches (183ms)
			SetupLoadedEditorAssemblies (1515ms)
				LogAssemblyErrors (0ms)
				InitializePlatformSupportModulesInManaged (26ms)
				SetLoadedEditorAssemblies (2ms)
				RefreshPlugins (2ms)
				BeforeProcessingInitializeOnLoad (175ms)
				ProcessInitializeOnLoadAttributes (1278ms)
				ProcessInitializeOnLoadMethodAttributes (11ms)
				AfterProcessingInitializeOnLoad (21ms)
				EditorAssembliesLoaded (1ms)
			ExecutionOrderSort2 (0ms)
			AwakeInstancesAfterBackupRestoration (21ms)
Platform modules already initialized, skipping
Refreshing native plugins compatible for Editor in 0.99 ms, found 4 plugins.
Preloading 0 native plugins for Editor in 0.00 ms.
Unloading 1415 Unused Serialized files (Serialized files now loaded: 0)
System memory in use before: 65.7 MB.
System memory in use after: 65.8 MB.

Unloading 30 unused Assets to reduce memory usage. Loaded Objects now: 1886.
Total: 6.603700 ms (FindLiveObjects: 0.317200 ms CreateObjectMapping: 0.234600 ms MarkObjects: 5.997500 ms  DeleteObjects: 0.052000 ms)

AssetImportParameters requested are different than current active one (requested -> active):
  custom:framework-win-MediaFoundation: 216162199b28c13a410421893ffa2e32 -> 
  custom:video-decoder-ogg-theora: a1e56fd34408186e4bbccfd4996cb3dc -> 
  custom:container-muxer-webm: aa71ff27fc2769a1b78a27578f13a17b -> 
  custom:container-demuxer-webm: 4f35f7cbe854078d1ac9338744f61a02 -> 
  custom:container-demuxer-ogg: 62fdf1f143b41e24485cea50d1cbac27 -> 
  custom:video-encoder-webm-vp8: eb34c28f22e8b96e1ab97ce403110664 -> 
  custom:video-decoder-webm-vp8: 9c59270c3fd7afecdb556c50c9e8de78 -> 
  custom:audio-decoder-ogg-vorbis: bf7c407c2cedff20999df2af8eb42d56 -> 
  custom:audio-encoder-webm-vorbis: bf7c407c2cedff20999df2af8eb42d56 -> 
========================================================================
Received Prepare
Registering precompiled user dll's ...
Registered in 0.027818 seconds.
Begin MonoManager ReloadAssembly
Native extension for WindowsStandalone target not found
Refreshing native plugins compatible for Editor in 0.88 ms, found 4 plugins.
Preloading 0 native plugins for Editor in 0.00 ms.
Mono: successfully reloaded assembly
- Completed reload, in  3.266 seconds
Domain Reload Profiling:
	ReloadAssembly (3268ms)
		BeginReloadAssembly (415ms)
			ExecutionOrderSort (0ms)
			DisableScriptedObjects (14ms)
			BackupInstance (0ms)
			ReleaseScriptingObjects (0ms)
			CreateAndSetChildDomain (163ms)
		EndReloadAssembly (2561ms)
			LoadAssemblies (331ms)
			RebuildTransferFunctionScriptingTraits (0ms)
			SetupTypeCache (760ms)
			ReleaseScriptCaches (2ms)
			RebuildScriptCaches (191ms)
			SetupLoadedEditorAssemblies (1078ms)
				LogAssemblyErrors (0ms)
				InitializePlatformSupportModulesInManaged (13ms)
				SetLoadedEditorAssemblies (1ms)
				RefreshPlugins (1ms)
				BeforeProcessingInitializeOnLoad (140ms)
				ProcessInitializeOnLoadAttributes (890ms)
				ProcessInitializeOnLoadMethodAttributes (12ms)
				AfterProcessingInitializeOnLoad (20ms)
				EditorAssembliesLoaded (1ms)
			ExecutionOrderSort2 (0ms)
			AwakeInstancesAfterBackupRestoration (20ms)
Platform modules already initialized, skipping
Refreshing native plugins compatible for Editor in 0.79 ms, found 4 plugins.
Preloading 0 native plugins for Editor in 0.00 ms.
Unloading 1415 Unused Serialized files (Serialized files now loaded: 0)
System memory in use before: 65.7 MB.
System memory in use after: 65.8 MB.

Unloading 30 unused Assets to reduce memory usage. Loaded Objects now: 1888.
Total: 6.173200 ms (FindLiveObjects: 0.399600 ms CreateObjectMapping: 0.365900 ms MarkObjects: 5.360500 ms  DeleteObjects: 0.044100 ms)

AssetImportParameters requested are different than current active one (requested -> active):
  custom:framework-win-MediaFoundation: 216162199b28c13a410421893ffa2e32 -> 
  custom:video-decoder-ogg-theora: a1e56fd34408186e4bbccfd4996cb3dc -> 
  custom:container-muxer-webm: aa71ff27fc2769a1b78a27578f13a17b -> 
  custom:container-demuxer-webm: 4f35f7cbe854078d1ac9338744f61a02 -> 
  custom:container-demuxer-ogg: 62fdf1f143b41e24485cea50d1cbac27 -> 
  custom:video-encoder-webm-vp8: eb34c28f22e8b96e1ab97ce403110664 -> 
  custom:video-decoder-webm-vp8: 9c59270c3fd7afecdb556c50c9e8de78 -> 
  custom:audio-decoder-ogg-vorbis: bf7c407c2cedff20999df2af8eb42d56 -> 
  custom:audio-encoder-webm-vorbis: bf7c407c2cedff20999df2af8eb42d56 -> 
========================================================================
Received Import Request.
  Time since last request: 1659.759823 seconds.
  path: Assets/Resources/TurnManager.cs
  artifactKey: Guid(537a45f469d1a0449a227faa8ffd0edc) Importer(815301076,1909f56bfc062723c751e8b465ee728b)
Start importing Assets/Resources/TurnManager.cs using Guid(537a45f469d1a0449a227faa8ffd0edc) Importer(815301076,1909f56bfc062723c751e8b465ee728b)  -> (artifact id: '181e3076d0c1eba880a0e296e349afe0') in 0.091947 seconds 
  Import took 0.107297 seconds .

========================================================================
Received Import Request.
  Time since last request: 642.420091 seconds.
  path: Assets/Resources/PlayerMove.cs
  artifactKey: Guid(929b031045bf9d947b0feebe4156ed9c) Importer(815301076,1909f56bfc062723c751e8b465ee728b)
Start importing Assets/Resources/PlayerMove.cs using Guid(929b031045bf9d947b0feebe4156ed9c) Importer(815301076,1909f56bfc062723c751e8b465ee728b)  -> (artifact id: '838746bc68edc701c93062e576a21c91') in 0.040194 seconds 
  Import took 0.052401 seconds .

========================================================================
Received Import Request.
  Time since last request: 0.008730 seconds.
  path: Assets/Resources/PlayerMove.cs
  artifactKey: Guid(929b031045bf9d947b0feebe4156ed9c) Importer(815301076,1909f56bfc062723c751e8b465ee728b)
Start importing Assets/Resources/PlayerMove.cs using Guid(929b031045bf9d947b0feebe4156ed9c) Importer(815301076,1909f56bfc062723c751e8b465ee728b)  -> (artifact id: '838746bc68edc701c93062e576a21c91') in 0.020399 seconds 
  Import took 0.027530 seconds .

========================================================================
Received Import Request.
  Time since last request: 21.445742 seconds.
  path: Assets/Resources/PlayerMove.cs
  artifactKey: Guid(929b031045bf9d947b0feebe4156ed9c) Importer(815301076,1909f56bfc062723c751e8b465ee728b)
Start importing Assets/Resources/PlayerMove.cs using Guid(929b031045bf9d947b0feebe4156ed9c) Importer(815301076,1909f56bfc062723c751e8b465ee728b)  -> (artifact id: 'cc905f1d0b55e883eb38f9fe421c9184') in 0.033261 seconds 
  Import took 0.042165 seconds .

========================================================================
Received Import Request.
  Time since last request: 177.148765 seconds.
  path: Assets/Resources/TaticsMove.cs
  artifactKey: Guid(f7e6162d4921acb409ac34afa30e3928) Importer(815301076,1909f56bfc062723c751e8b465ee728b)
Start importing Assets/Resources/TaticsMove.cs using Guid(f7e6162d4921acb409ac34afa30e3928) Importer(815301076,1909f56bfc062723c751e8b465ee728b)  -> (artifact id: '2e831df1bb99cb3d20d722473360ed8a') in 0.020821 seconds 
  Import took 0.027095 seconds .

========================================================================
Received Import Request.
  Time since last request: 95.165050 seconds.
  path: Assets/Resources/TacticsMove.cs
  artifactKey: Guid(f7e6162d4921acb409ac34afa30e3928) Importer(815301076,1909f56bfc062723c751e8b465ee728b)
Start importing Assets/Resources/TacticsMove.cs using Guid(f7e6162d4921acb409ac34afa30e3928) Importer(815301076,1909f56bfc062723c751e8b465ee728b)  -> (artifact id: '4e5137cd3dc21b337abe4faf333b7d63') in 0.025617 seconds 
  Import took 0.033786 seconds .

========================================================================
Received Import Request.
  Time since last request: 71.346525 seconds.
  path: Assets/Resources/TacticsMove.cs
  artifactKey: Guid(f7e6162d4921acb409ac34afa30e3928) Importer(815301076,1909f56bfc062723c751e8b465ee728b)
Start importing Assets/Resources/TacticsMove.cs using Guid(f7e6162d4921acb409ac34afa30e3928) Importer(815301076,1909f56bfc062723c751e8b465ee728b)  -> (artifact id: '75cec4e74e372f19222cf9683f51b0a5') in 0.020710 seconds 
  Import took 0.032544 seconds .

========================================================================
Received Import Request.
  Time since last request: 33.228227 seconds.
  path: Assets/Resources/TacticsMove.cs
  artifactKey: Guid(f7e6162d4921acb409ac34afa30e3928) Importer(815301076,1909f56bfc062723c751e8b465ee728b)
Start importing Assets/Resources/TacticsMove.cs using Guid(f7e6162d4921acb409ac34afa30e3928) Importer(815301076,1909f56bfc062723c751e8b465ee728b)  -> (artifact id: '621a2c059a58f6d6c23b4b5f164241f1') in 0.022727 seconds 
  Import took 0.034393 seconds .

========================================================================
Received Import Request.
  Time since last request: 435.385566 seconds.
  path: Assets/Resources/TacticsMove.cs
  artifactKey: Guid(f7e6162d4921acb409ac34afa30e3928) Importer(815301076,1909f56bfc062723c751e8b465ee728b)
Start importing Assets/Resources/TacticsMove.cs using Guid(f7e6162d4921acb409ac34afa30e3928) Importer(815301076,1909f56bfc062723c751e8b465ee728b)  -> (artifact id: 'cb2f535150ee0f5512cd5767121289e0') in 0.033348 seconds 
  Import took 0.040904 seconds .

========================================================================
Received Import Request.
  Time since last request: 59.355268 seconds.
  path: Assets/Resources/TacticsMove.cs
  artifactKey: Guid(f7e6162d4921acb409ac34afa30e3928) Importer(815301076,1909f56bfc062723c751e8b465ee728b)
Start importing Assets/Resources/TacticsMove.cs using Guid(f7e6162d4921acb409ac34afa30e3928) Importer(815301076,1909f56bfc062723c751e8b465ee728b)  -> (artifact id: 'aecd61b5dd5416654659cd2fd6deb6f0') in 0.020206 seconds 
  Import took 0.030587 seconds .

========================================================================
Received Prepare
Registering precompiled user dll's ...
Registered in 0.032254 seconds.
Begin MonoManager ReloadAssembly
Native extension for WindowsStandalone target not found
Refreshing native plugins compatible for Editor in 1.03 ms, found 4 plugins.
Preloading 0 native plugins for Editor in 0.00 ms.
Mono: successfully reloaded assembly
- Completed reload, in  5.789 seconds
Domain Reload Profiling:
	ReloadAssembly (5814ms)
		BeginReloadAssembly (1191ms)
			ExecutionOrderSort (0ms)
			DisableScriptedObjects (119ms)
			BackupInstance (0ms)
			ReleaseScriptingObjects (0ms)
			CreateAndSetChildDomain (607ms)
		EndReloadAssembly (4373ms)
			LoadAssemblies (428ms)
			RebuildTransferFunctionScriptingTraits (0ms)
			SetupTypeCache (1025ms)
			ReleaseScriptCaches (3ms)
			RebuildScriptCaches (155ms)
			SetupLoadedEditorAssemblies (2536ms)
				LogAssemblyErrors (0ms)
				InitializePlatformSupportModulesInManaged (16ms)
				SetLoadedEditorAssemblies (1ms)
				RefreshPlugins (1ms)
				BeforeProcessingInitializeOnLoad (173ms)
				ProcessInitializeOnLoadAttributes (2301ms)
				ProcessInitializeOnLoadMethodAttributes (13ms)
				AfterProcessingInitializeOnLoad (30ms)
				EditorAssembliesLoaded (1ms)
			ExecutionOrderSort2 (0ms)
			AwakeInstancesAfterBackupRestoration (24ms)
Platform modules already initialized, skipping
Refreshing native plugins compatible for Editor in 0.96 ms, found 4 plugins.
Preloading 0 native plugins for Editor in 0.00 ms.
Unloading 1415 Unused Serialized files (Serialized files now loaded: 0)
System memory in use before: 65.7 MB.
System memory in use after: 65.8 MB.

Unloading 30 unused Assets to reduce memory usage. Loaded Objects now: 1890.
Total: 7.462200 ms (FindLiveObjects: 0.267400 ms CreateObjectMapping: 0.123200 ms MarkObjects: 7.007700 ms  DeleteObjects: 0.060400 ms)

AssetImportParameters requested are different than current active one (requested -> active):
  custom:framework-win-MediaFoundation: 216162199b28c13a410421893ffa2e32 -> 
  custom:video-decoder-ogg-theora: a1e56fd34408186e4bbccfd4996cb3dc -> 
  custom:container-muxer-webm: aa71ff27fc2769a1b78a27578f13a17b -> 
  custom:container-demuxer-webm: 4f35f7cbe854078d1ac9338744f61a02 -> 
  custom:container-demuxer-ogg: 62fdf1f143b41e24485cea50d1cbac27 -> 
  custom:video-encoder-webm-vp8: eb34c28f22e8b96e1ab97ce403110664 -> 
  custom:video-decoder-webm-vp8: 9c59270c3fd7afecdb556c50c9e8de78 -> 
  custom:audio-decoder-ogg-vorbis: bf7c407c2cedff20999df2af8eb42d56 -> 
  custom:audio-encoder-webm-vorbis: bf7c407c2cedff20999df2af8eb42d56 -> 
AssetImportWorkerClient::OnTransportError - code=2 error=End of file
